{"level":"info","message":"Initializing Application...","service":"Main","timestamp":"2026-05-23T05:21:53.577Z"}
{"level":"info","message":"Initializing Application...","service":"Main","timestamp":"2026-05-23T05:24:12.400Z"}
{"level":"info","message":"Initializing Application...","service":"Main","timestamp":"2026-05-23T05:41:18.531Z"}
{"level":"info","message":"Initializing Application...","service":"Main","timestamp":"2026-05-23T05:56:41.101Z"}
{"level":"info","message":"Initializing Application...","service":"Main","timestamp":"2026-05-23T06:04:19.388Z"}
{"level":"info","message":"Initializing Application...","service":"Main","timestamp":"2026-05-23T06:12:54.190Z"}
{"level":"info","message":"Initializing Application...","service":"Main","timestamp":"2026-05-23T07:29:02.640Z"}
{"level":"info","message":"Skip checkForUpdates because application is not packed and dev update config is not forced","service":"Updater","timestamp":"2026-05-23T07:29:17.787Z"}
{"level":"info","message":"Initializing Application...","service":"Main","timestamp":"2026-05-25T06:59:17.812Z"}
{"level":"info","message":"Skip checkForUpdates because application is not packed and dev update config is not forced","service":"Updater","timestamp":"2026-05-25T06:59:29.813Z"}
{"level":"info","message":"Initializing Application...","service":"Main","timestamp":"2026-05-27T09:44:30.440Z"}
{"level":"info","message":"Skip checkForUpdates because application is not packed and dev update config is not forced","service":"Updater","timestamp":"2026-05-27T09:44:35.799Z"}
{"level":"info","message":"Initializing Application...","service":"Main","timestamp":"2026-05-27T11:08:33.496Z"}
{"level":"info","message":"Skip checkForUpdates because application is not packed and dev update config is not forced","service":"Updater","timestamp":"2026-05-27T11:08:38.979Z"}
{"level":"info","message":"Initializing Application...","service":"Main","timestamp":"2026-05-27T12:14:07.260Z"}
{"level":"info","message":"Skip checkForUpdates because application is not packed and dev update config is not forced","service":"Updater","timestamp":"2026-05-27T12:14:12.754Z"}
{"level":"info","message":"Initializing Application...","service":"Main","timestamp":"2026-05-27T12:38:19.114Z"}
{"level":"info","message":"Skip checkForUpdates because application is not packed and dev update config is not forced","service":"Updater","timestamp":"2026-05-27T12:38:24.754Z"}
{"level":"info","message":"Initializing Application...","service":"Main","timestamp":"2026-05-27T12:59:52.030Z"}
{"level":"info","message":"Skip checkForUpdates because application is not packed and dev update config is not forced","service":"Updater","timestamp":"2026-05-27T12:59:58.501Z"}
{"level":"info","message":"Initializing Application...","service":"Main","timestamp":"2026-05-27T14:12:57.669Z"}
{"level":"info","message":"Skip checkForUpdates because application is not packed and dev update config is not forced","service":"Updater","timestamp":"2026-05-27T14:13:03.163Z"}
{"level":"info","message":"Initializing Application...","service":"Main","timestamp":"2026-05-27T14:18:26.420Z"}
{"level":"info","message":"Skip checkForUpdates because application is not packed and dev update config is not forced","service":"Updater","timestamp":"2026-05-27T14:18:31.852Z"}
{"level":"info","message":"Initializing Application...","service":"Main","timestamp":"2026-05-27T14:50:14.717Z"}
{"level":"info","message":"Skip checkForUpdates because application is not packed and dev update config is not forced","service":"Updater","timestamp":"2026-05-27T14:50:20.143Z"}
{"level":"info","message":"Initializing Application...","service":"Main","timestamp":"2026-05-27T15:00:24.518Z"}
{"cause":{"commonWireVersion":0,"compatible":true,"heartbeatFrequencyMS":10000,"localThresholdMS":15,"logicalSessionTimeoutMinutes":null,"maxElectionId":null,"maxSetVersion":null,"servers":{"127.0.0.1:27017":{"$clusterTime":null,"address":"127.0.0.1:27017","arbiters":[],"electionId":null,"error":{"beforeHandshake":false,"errorLabelSet":{}},"hosts":[],"iscryptd":false,"lastUpdateTime":39227,"lastWriteDate":0,"logicalSessionTimeoutMinutes":null,"maxBsonObjectSize":null,"maxMessageSizeBytes":null,"maxWireVersion":0,"maxWriteBatchSize":null,"me":null,"minRoundTripTime":0,"minWireVersion":0,"passives":[],"primary":null,"roundTripTime":-1,"setName":null,"setVersion":null,"tags":{},"topologyVersion":null,"type":"Unknown"}},"setName":null,"stale":false,"type":"Unknown"},"errorLabelSet":{},"level":"error","message":"Startup Error: connect ECONNREFUSED 127.0.0.1:27017","reason":{"commonWireVersion":0,"compatible":true,"heartbeatFrequencyMS":10000,"localThresholdMS":15,"logicalSessionTimeoutMinutes":null,"maxElectionId":null,"maxSetVersion":null,"servers":{"127.0.0.1:27017":{"$clusterTime":null,"address":"127.0.0.1:27017","arbiters":[],"electionId":null,"error":{"beforeHandshake":false,"errorLabelSet":{}},"hosts":[],"iscryptd":false,"lastUpdateTime":39227,"lastWriteDate":0,"logicalSessionTimeoutMinutes":null,"maxBsonObjectSize":null,"maxMessageSizeBytes":null,"maxWireVersion":0,"maxWriteBatchSize":null,"me":null,"minRoundTripTime":0,"minWireVersion":0,"passives":[],"primary":null,"roundTripTime":-1,"setName":null,"setVersion":null,"tags":{},"topologyVersion":null,"type":"Unknown"}},"setName":null,"stale":false,"type":"Unknown"},"service":"Main","stack":"MongooseServerSelectionError: connect ECONNREFUSED 127.0.0.1:27017\n    at _handleConnectionErrors (C:\\software-2026\\library-pro\\node_modules\\mongoose\\lib\\connection.js:1180:11)\n    at NativeConnection.openUri (C:\\software-2026\\library-pro\\node_modules\\mongoose\\lib\\connection.js:1111:11)\n    at async initDatabase (C:\\software-2026\\library-pro\\electron\\db\\db.cjs:9:9)\n    at async init (C:\\software-2026\\library-pro\\electron\\main.cjs:62:9)","timestamp":"2026-05-27T15:00:54.640Z"}
{"level":"info","message":"Initializing Application...","service":"Main","timestamp":"2026-05-27T15:12:40.680Z"}
{"level":"info","message":"Skip checkForUpdates because application is not packed and dev update config is not forced","service":"Updater","timestamp":"2026-05-27T15:12:46.420Z"}
{"level":"info","message":"Initializing Application...","service":"Main","timestamp":"2026-05-27T15:18:31.245Z"}
{"level":"info","message":"Skip checkForUpdates because application is not packed and dev update config is not forced","service":"Updater","timestamp":"2026-05-27T15:18:37.386Z"}
{"level":"info","message":"Initializing Application...","service":"Main","timestamp":"2026-05-27T16:26:37.937Z"}
{"level":"info","message":"Skip checkForUpdates because application is not packed and dev update config is not forced","service":"Updater","timestamp":"2026-05-27T16:26:44.250Z"}
{"level":"info","message":"Initializing Application...","service":"Main","timestamp":"2026-05-27T14:13:07.184Z"}
{"level":"info","message":"Skip checkForUpdates because application is not packed and dev update config is not forced","service":"Updater","timestamp":"2026-05-27T14:13:12.965Z"}
{"level":"info","message":"Initializing Application...","service":"Main","timestamp":"2026-05-27T16:50:03.964Z"}
{"level":"info","message":"Skip checkForUpdates because application is not packed and dev update config is not forced","service":"Updater","timestamp":"2026-05-27T16:50:09.779Z"}
{"level":"info","message":"Initializing Application...","service":"Main","timestamp":"2026-05-27T17:12:42.172Z"}
{"level":"info","message":"Skip checkForUpdates because application is not packed and dev update config is not forced","service":"Updater","timestamp":"2026-05-27T17:12:47.533Z"}
{"level":"info","message":"Initializing Application...","service":"Main","timestamp":"2026-05-27T17:15:15.546Z"}
{"level":"info","message":"Skip checkForUpdates because application is not packed and dev update config is not forced","service":"Updater","timestamp":"2026-05-27T17:15:20.844Z"}
{"level":"info","message":"Initializing Application...","service":"Main","timestamp":"2026-05-27T17:17:01.284Z"}
{"level":"info","message":"Skip checkForUpdates because application is not packed and dev update config is not forced","service":"Updater","timestamp":"2026-05-27T17:17:06.545Z"}
{"level":"info","message":"Initializing Application...","service":"Main","timestamp":"2026-05-27T18:02:00.895Z"}
{"level":"info","message":"Skip checkForUpdates because application is not packed and dev update config is not forced","service":"Updater","timestamp":"2026-05-27T18:02:06.648Z"}
{"level":"info","message":"Initializing Application...","service":"Main","timestamp":"2026-05-27T18:03:48.295Z"}
{"level":"info","message":"Skip checkForUpdates because application is not packed and dev update config is not forced","service":"Updater","timestamp":"2026-05-27T18:03:53.808Z"}
{"level":"info","message":"Initializing Application...","service":"Main","timestamp":"2026-05-27T18:09:18.912Z"}
{"level":"info","message":"Skip checkForUpdates because application is not packed and dev update config is not forced","service":"Updater","timestamp":"2026-05-27T18:09:24.215Z"}
{"level":"info","message":"Skip checkForUpdates because application is not packed and dev update config is not forced","service":"Updater","timestamp":"2026-05-27T18:09:26.979Z"}
{"level":"info","message":"Skip checkForUpdates because application is not packed and dev update config is not forced","service":"Updater","timestamp":"2026-05-27T18:09:40.193Z"}
{"level":"info","message":"Initializing Application...","service":"Main","timestamp":"2026-05-27T18:12:45.525Z"}
{"level":"info","message":"Skip checkForUpdates because application is not packed and dev update config is not forced","service":"Updater","timestamp":"2026-05-27T18:12:51.177Z"}
{"level":"info","message":"Skip checkForUpdates because application is not packed and dev update config is not forced","service":"Updater","timestamp":"2026-05-27T18:12:56.850Z"}
{"level":"info","message":"Skip checkForUpdates because application is not packed and dev update config is not forced","service":"Updater","timestamp":"2026-05-27T18:13:01.083Z"}
{"level":"info","message":"Skip checkForUpdates because application is not packed and dev update config is not forced","service":"Updater","timestamp":"2026-05-27T18:14:50.955Z"}
{"level":"info","message":"Initializing Application...","service":"Main","timestamp":"2026-05-27T18:16:37.056Z"}
{"level":"info","message":"Skip checkForUpdates because application is not packed and dev update config is not forced","service":"Updater","timestamp":"2026-05-27T18:16:42.311Z"}
{"level":"info","message":"Skip checkForUpdates because application is not packed and dev update config is not forced","service":"Updater","timestamp":"2026-05-27T18:16:46.554Z"}
{"level":"info","message":"Initializing Application...","service":"Main","timestamp":"2026-05-27T18:32:13.487Z"}
{"level":"info","message":"Skip checkForUpdates because application is not packed and dev update config is not forced","service":"Updater","timestamp":"2026-05-27T18:32:18.986Z"}
{"level":"info","message":"Initializing Application...","service":"Main","timestamp":"2026-05-27T18:38:50.035Z"}
{"level":"info","message":"Skip checkForUpdates because application is not packed and dev update config is not forced","service":"Updater","timestamp":"2026-05-27T18:38:55.496Z"}
{"level":"info","message":"Initializing Application...","service":"Main","timestamp":"2026-05-27T18:46:35.572Z"}
{"level":"info","message":"Creating startup backup...","service":"Main","timestamp":"2026-05-27T18:46:35.797Z"}
{"level":"info","message":"Backup created: LibraryPro_Recovery_2026-05-27T18-46-35.lbak (21 records)","service":"Backup","timestamp":"2026-05-27T18:46:35.938Z"}
{"level":"info","message":"Skip checkForUpdates because application is not packed and dev update config is not forced","service":"Updater","timestamp":"2026-05-27T18:46:41.183Z"}
{"level":"info","message":"Listed 1 backups","service":"Backup","timestamp":"2026-05-27T18:46:44.149Z"}
{"level":"info","message":"Listed 1 recovery backups","service":"Backup","timestamp":"2026-05-27T18:46:44.151Z"}
{"level":"info","message":"Backup deleted: LibraryPro_Backup_2026-05-27T13-06-25.lbak","service":"Backup","timestamp":"2026-05-27T18:46:55.377Z"}
{"level":"info","message":"Listed 0 backups","service":"Backup","timestamp":"2026-05-27T18:46:55.406Z"}
{"level":"info","message":"Listed 1 recovery backups","service":"Backup","timestamp":"2026-05-27T18:46:55.408Z"}
{"level":"info","message":"Restoring backup from: LibraryPro_Recovery_2026-05-27T18-46-35.lbak","service":"Backup","timestamp":"2026-05-27T18:46:58.186Z"}
{"level":"info","message":"Backup restored successfully (21 records)","service":"Backup","timestamp":"2026-05-27T18:46:58.289Z"}
{"level":"info","message":"Listed 0 backups","service":"Backup","timestamp":"2026-05-27T18:46:58.290Z"}
{"level":"info","message":"Listed 1 recovery backups","service":"Backup","timestamp":"2026-05-27T18:46:58.291Z"}
{"level":"info","message":"Running periodic auto-backup...","service":"Main","timestamp":"2026-05-27T19:16:36.240Z"}
{"level":"info","message":"Backup created: LibraryPro_Recovery_2026-05-27T19-16-36.lbak (21 records)","service":"Backup","timestamp":"2026-05-27T19:16:36.534Z"}
{"level":"info","message":"Initializing Application...","service":"Main","timestamp":"2026-05-27T19:56:03.753Z"}
{"level":"info","message":"Creating startup backup...","service":"Main","timestamp":"2026-05-27T19:56:04.159Z"}
{"level":"info","message":"Backup created: LibraryPro_Recovery_2026-05-27T19-56-04.lbak (21 records)","service":"Backup","timestamp":"2026-05-27T19:56:04.309Z"}
{"level":"info","message":"Skip checkForUpdates because application is not packed and dev update config is not forced","service":"Updater","timestamp":"2026-05-27T19:56:09.822Z"}
{"level":"info","message":"Skip checkForUpdates because application is not packed and dev update config is not forced","service":"Updater","timestamp":"2026-05-27T19:56:22.302Z"}
{"level":"info","message":"Listed 0 backups","service":"Backup","timestamp":"2026-05-27T19:56:25.611Z"}
{"level":"info","message":"Listed 3 recovery backups","service":"Backup","timestamp":"2026-05-27T19:56:25.639Z"}
{"level":"info","message":"Backup created: LibraryPro_Backup_2026-05-27T19-56-42.lbak (21 records)","service":"Backup","timestamp":"2026-05-27T19:56:42.800Z"}
{"level":"info","message":"Listed 1 backups","service":"Backup","timestamp":"2026-05-27T19:56:42.803Z"}
{"level":"info","message":"Listed 3 recovery backups","service":"Backup","timestamp":"2026-05-27T19:56:42.805Z"}
{"level":"info","message":"Initializing Application...","service":"Main","timestamp":"2026-05-27T20:01:35.908Z"}
{"level":"info","message":"Creating startup backup...","service":"Main","timestamp":"2026-05-27T20:01:36.613Z"}
{"level":"info","message":"Backup created: LibraryPro_Recovery_2026-05-27T20-01-36.lbak (21 records)","service":"Backup","timestamp":"2026-05-27T20:01:37.060Z"}
{"level":"info","message":"Skip checkForUpdates because application is not packed and dev update config is not forced","service":"Updater","timestamp":"2026-05-27T20:01:43.163Z"}
{"level":"info","message":"Running periodic auto-backup...","service":"Main","timestamp":"2026-05-27T20:31:38.204Z"}
{"level":"info","message":"Backup created: LibraryPro_Recovery_2026-05-27T20-31-38.lbak (21 records)","service":"Backup","timestamp":"2026-05-27T20:31:38.631Z"}
{"level":"info","message":"Listed 1 backups","service":"Backup","timestamp":"2026-05-27T20:57:47.654Z"}
{"level":"info","message":"Listed 5 recovery backups","service":"Backup","timestamp":"2026-05-27T20:57:47.672Z"}
{"level":"info","message":"Listed 1 backups","service":"Backup","timestamp":"2026-05-27T20:58:23.113Z"}
{"level":"info","message":"Listed 5 recovery backups","service":"Backup","timestamp":"2026-05-27T20:58:23.117Z"}
{"level":"info","message":"Running periodic auto-backup...","service":"Main","timestamp":"2026-05-27T21:01:38.174Z"}
{"level":"info","message":"Backup created: LibraryPro_Recovery_2026-05-27T21-01-38.lbak (21 records)","service":"Backup","timestamp":"2026-05-27T21:01:38.364Z"}
{"level":"info","message":"Cleaned old recovery backup: LibraryPro_Recovery_2026-05-27T18-46-35.lbak","service":"Backup","timestamp":"2026-05-27T21:01:38.367Z"}
{"level":"info","message":"Listed 1 backups","service":"Backup","timestamp":"2026-05-27T21:07:13.835Z"}
{"level":"info","message":"Listed 5 recovery backups","service":"Backup","timestamp":"2026-05-27T21:07:13.837Z"}
{"level":"info","message":"Backup deleted: LibraryPro_Backup_2026-05-27T19-56-42.lbak","service":"Backup","timestamp":"2026-05-27T21:07:21.146Z"}
{"level":"info","message":"Listed 0 backups","service":"Backup","timestamp":"2026-05-27T21:07:21.150Z"}
{"level":"info","message":"Listed 5 recovery backups","service":"Backup","timestamp":"2026-05-27T21:07:21.152Z"}
{"level":"info","message":"Initializing Application...","service":"Main","timestamp":"2026-05-27T21:14:31.771Z"}
{"level":"info","message":"Creating startup backup...","service":"Main","timestamp":"2026-05-27T21:14:32.125Z"}
{"level":"info","message":"Backup created: LibraryPro_Recovery_2026-05-27T21-14-32.lbak (21 records)","service":"Backup","timestamp":"2026-05-27T21:14:32.403Z"}
{"level":"info","message":"Cleaned old recovery backup: LibraryPro_Recovery_2026-05-27T19-16-36.lbak","service":"Backup","timestamp":"2026-05-27T21:14:32.405Z"}
{"level":"info","message":"Skip checkForUpdates because application is not packed and dev update config is not forced","service":"Updater","timestamp":"2026-05-27T21:14:39.126Z"}
{"level":"info","message":"App closing - creating final backup...","service":"Main","timestamp":"2026-05-27T21:16:31.684Z"}
{"level":"warn","message":"Failed login attempt (wrong password): sbhosle1011@gmail.com. Remaining: 4","service":"Auth","timestamp":"2026-05-27T21:19:54.791Z"}
{"level":"error","message":"Login failed: logger.error is not a function","service":"Auth","timestamp":"2026-05-27T21:19:54.893Z"}
{"level":"error","message":"Login failed: logger.error is not a function","service":"Auth","timestamp":"2026-05-27T21:21:13.654Z"}
{"level":"warn","message":"Failed login attempt (wrong password): sbhosle1011@gmail.com. Remaining: 4","service":"Auth","timestamp":"2026-05-27T21:21:59.257Z"}
{"level":"error","message":"Login failed: logger.error is not a function","service":"Auth","timestamp":"2026-05-27T21:21:59.262Z"}
{"level":"info","message":"App closing - creating final backup...","service":"Main","timestamp":"2026-05-27T21:23:09.465Z"}
{"level":"info","message":"Initializing Application...","service":"Main","timestamp":"2026-05-27T21:26:39.675Z"}
{"level":"info","message":"Creating startup backup...","service":"Main","timestamp":"2026-05-27T21:26:40.150Z"}
{"level":"info","message":"Backup created: LibraryPro_Recovery_2026-05-27T21-26-40.lbak (21 records)","service":"Backup","timestamp":"2026-05-27T21:26:40.335Z"}
{"level":"info","message":"Cleaned old recovery backup: LibraryPro_Recovery_2026-05-27T19-56-04.lbak","service":"Backup","timestamp":"2026-05-27T21:26:40.340Z"}
{"level":"info","message":"Skip checkForUpdates because application is not packed and dev update config is not forced","service":"Updater","timestamp":"2026-05-27T21:26:45.875Z"}
{"level":"error","message":"Login failed: logger.error is not a function","service":"App","timestamp":"2026-05-27T21:27:02.072Z"}
{"level":"info","message":"New admin registered: sbhosle1011@gmail.com","service":"App","timestamp":"2026-05-27T21:28:42.560Z"}
{"level":"error","message":"Login failed: logger.error is not a function","service":"App","timestamp":"2026-05-27T21:30:28.775Z"}
{"level":"error","message":"Login failed: logger.error is not a function","service":"App","timestamp":"2026-05-27T21:33:47.837Z"}
{"level":"error","message":"Login failed: logger.error is not a function","service":"App","timestamp":"2026-05-27T21:36:11.866Z"}
{"level":"error","message":"Login failed: logger.error is not a function","service":"App","timestamp":"2026-05-27T21:42:11.408Z"}
{"level":"error","message":"Login failed: logger.error is not a function","service":"App","timestamp":"2026-05-27T21:43:37.085Z"}
{"level":"info","message":"Initializing Application...","service":"Main","timestamp":"2026-05-27T21:45:07.042Z"}
{"level":"info","message":"Creating startup backup...","service":"Main","timestamp":"2026-05-27T21:45:07.577Z"}
{"level":"info","message":"Backup created: LibraryPro_Recovery_2026-05-27T21-45-07.lbak (21 records)","service":"Backup","timestamp":"2026-05-27T21:45:07.729Z"}
{"level":"info","message":"Cleaned old recovery backup: LibraryPro_Recovery_2026-05-27T20-01-36.lbak","service":"Backup","timestamp":"2026-05-27T21:45:07.734Z"}
{"level":"info","message":"Skip checkForUpdates because application is not packed and dev update config is not forced","service":"Updater","timestamp":"2026-05-27T21:45:13.149Z"}
{"level":"info","message":"[AUDIT] LOGIN on Auth by Sonu ","service":"App","timestamp":"2026-05-27T21:45:30.210Z"}
{"level":"info","message":"Successful login: sbhosle1011@gmail.com","service":"Auth","timestamp":"2026-05-27T21:45:30.210Z"}
{"level":"info","message":"Listed 0 backups","service":"Backup","timestamp":"2026-05-27T21:45:49.400Z"}
{"level":"info","message":"Listed 5 recovery backups","service":"Backup","timestamp":"2026-05-27T21:45:49.443Z"}
{"level":"info","message":"Backup created: LibraryPro_Backup_2026-05-27T21-46-56.lbak (21 records)","service":"Backup","timestamp":"2026-05-27T21:46:56.857Z"}
{"level":"info","message":"Listed 1 backups","service":"Backup","timestamp":"2026-05-27T21:46:56.861Z"}
{"level":"info","message":"Listed 5 recovery backups","service":"Backup","timestamp":"2026-05-27T21:46:56.863Z"}
{"level":"info","message":"Initializing Application...","service":"Main","timestamp":"2026-05-27T21:49:17.795Z"}
{"level":"info","message":"Creating startup backup...","service":"Main","timestamp":"2026-05-27T21:49:18.219Z"}
{"level":"info","message":"Backup created: LibraryPro_Recovery_2026-05-27T21-49-18.lbak (21 records)","service":"Backup","timestamp":"2026-05-27T21:49:18.342Z"}
{"level":"info","message":"Cleaned old recovery backup: LibraryPro_Recovery_2026-05-27T20-31-38.lbak","service":"Backup","timestamp":"2026-05-27T21:49:18.345Z"}
{"level":"info","message":"Skip checkForUpdates because application is not packed and dev update config is not forced","service":"Updater","timestamp":"2026-05-27T21:49:23.567Z"}
{"level":"info","message":"Listed 1 backups","service":"Backup","timestamp":"2026-05-27T21:56:08.312Z"}
{"level":"info","message":"Listed 5 recovery backups","service":"Backup","timestamp":"2026-05-27T21:56:08.397Z"}
{"level":"info","message":"Initializing Application...","service":"Main","timestamp":"2026-06-02T07:13:36.015Z"}
{"cause":{"commonWireVersion":0,"compatible":true,"heartbeatFrequencyMS":10000,"localThresholdMS":15,"logicalSessionTimeoutMinutes":null,"maxElectionId":null,"maxSetVersion":null,"servers":{"127.0.0.1:27017":{"$clusterTime":null,"address":"127.0.0.1:27017","arbiters":[],"electionId":null,"error":{"beforeHandshake":false,"errorLabelSet":{}},"hosts":[],"iscryptd":false,"lastUpdateTime":37441,"lastWriteDate":0,"logicalSessionTimeoutMinutes":null,"maxBsonObjectSize":null,"maxMessageSizeBytes":null,"maxWireVersion":0,"maxWriteBatchSize":null,"me":null,"minRoundTripTime":0,"minWireVersion":0,"passives":[],"primary":null,"roundTripTime":-1,"setName":null,"setVersion":null,"tags":{},"topologyVersion":null,"type":"Unknown"}},"setName":null,"stale":false,"type":"Unknown"},"errorLabelSet":{},"level":"error","message":"Startup Error: connect ECONNREFUSED 127.0.0.1:27017","reason":{"commonWireVersion":0,"compatible":true,"heartbeatFrequencyMS":10000,"localThresholdMS":15,"logicalSessionTimeoutMinutes":null,"maxElectionId":null,"maxSetVersion":null,"servers":{"127.0.0.1:27017":{"$clusterTime":null,"address":"127.0.0.1:27017","arbiters":[],"electionId":null,"error":{"beforeHandshake":false,"errorLabelSet":{}},"hosts":[],"iscryptd":false,"lastUpdateTime":37441,"lastWriteDate":0,"logicalSessionTimeoutMinutes":null,"maxBsonObjectSize":null,"maxMessageSizeBytes":null,"maxWireVersion":0,"maxWriteBatchSize":null,"me":null,"minRoundTripTime":0,"minWireVersion":0,"passives":[],"primary":null,"roundTripTime":-1,"setName":null,"setVersion":null,"tags":{},"topologyVersion":null,"type":"Unknown"}},"setName":null,"stale":false,"type":"Unknown"},"service":"Main","stack":"MongooseServerSelectionError: connect ECONNREFUSED 127.0.0.1:27017\n    at _handleConnectionErrors (C:\\software-2026\\library-pro\\node_modules\\mongoose\\lib\\connection.js:1180:11)\n    at NativeConnection.openUri (C:\\software-2026\\library-pro\\node_modules\\mongoose\\lib\\connection.js:1111:11)\n    at async initDatabase (C:\\software-2026\\library-pro\\electron\\db\\db.cjs:13:9)\n    at async init (C:\\software-2026\\library-pro\\electron\\main.cjs:68:9)","timestamp":"2026-06-02T07:14:06.138Z"}
{"level":"info","message":"App closing - creating final backup...","service":"Main","timestamp":"2026-06-02T07:14:06.147Z"}
{"level":"info","message":"Initializing Application...","service":"Main","timestamp":"2026-06-02T07:14:53.076Z"}
{"cause":{"commonWireVersion":0,"compatible":true,"heartbeatFrequencyMS":10000,"localThresholdMS":15,"logicalSessionTimeoutMinutes":null,"maxElectionId":null,"maxSetVersion":null,"servers":{"127.0.0.1:27017":{"$clusterTime":null,"address":"127.0.0.1:27017","arbiters":[],"electionId":null,"error":{"beforeHandshake":false,"errorLabelSet":{}},"hosts":[],"iscryptd":false,"lastUpdateTime":34457,"lastWriteDate":0,"logicalSessionTimeoutMinutes":null,"maxBsonObjectSize":null,"maxMessageSizeBytes":null,"maxWireVersion":0,"maxWriteBatchSize":null,"me":null,"minRoundTripTime":0,"minWireVersion":0,"passives":[],"primary":null,"roundTripTime":-1,"setName":null,"setVersion":null,"tags":{},"topologyVersion":null,"type":"Unknown"}},"setName":null,"stale":false,"type":"Unknown"},"errorLabelSet":{},"level":"error","message":"Startup Error: connect ECONNREFUSED 127.0.0.1:27017","reason":{"commonWireVersion":0,"compatible":true,"heartbeatFrequencyMS":10000,"localThresholdMS":15,"logicalSessionTimeoutMinutes":null,"maxElectionId":null,"maxSetVersion":null,"servers":{"127.0.0.1:27017":{"$clusterTime":null,"address":"127.0.0.1:27017","arbiters":[],"electionId":null,"error":{"beforeHandshake":false,"errorLabelSet":{}},"hosts":[],"iscryptd":false,"lastUpdateTime":34457,"lastWriteDate":0,"logicalSessionTimeoutMinutes":null,"maxBsonObjectSize":null,"maxMessageSizeBytes":null,"maxWireVersion":0,"maxWriteBatchSize":null,"me":null,"minRoundTripTime":0,"minWireVersion":0,"passives":[],"primary":null,"roundTripTime":-1,"setName":null,"setVersion":null,"tags":{},"topologyVersion":null,"type":"Unknown"}},"setName":null,"stale":false,"type":"Unknown"},"service":"Main","stack":"MongooseServerSelectionError: connect ECONNREFUSED 127.0.0.1:27017\n    at _handleConnectionErrors (C:\\software-2026\\library-pro\\node_modules\\mongoose\\lib\\connection.js:1180:11)\n    at NativeConnection.openUri (C:\\software-2026\\library-pro\\node_modules\\mongoose\\lib\\connection.js:1111:11)\n    at async initDatabase (C:\\software-2026\\library-pro\\electron\\db\\db.cjs:13:9)\n    at async init (C:\\software-2026\\library-pro\\electron\\main.cjs:68:9)","timestamp":"2026-06-02T07:15:23.156Z"}
{"level":"info","message":"Initializing Application...","service":"Main","timestamp":"2026-06-02T07:18:20.228Z"}
{"level":"info","message":"Creating startup backup...","service":"Main","timestamp":"2026-06-02T07:18:21.119Z"}
{"level":"info","message":"Backup created: LibraryPro_Recovery_2026-06-02T07-18-21.lbak (21 records)","service":"Backup","timestamp":"2026-06-02T07:18:21.342Z"}
{"level":"info","message":"Cleaned old recovery backup: LibraryPro_Recovery_2026-05-27T21-26-40.lbak","service":"Backup","timestamp":"2026-06-02T07:18:21.369Z"}
{"level":"info","message":"Skip checkForUpdates because application is not packed and dev update config is not forced","service":"Updater","timestamp":"2026-06-02T07:18:28.385Z"}
{"level":"info","message":"App closing - creating final backup...","service":"Main","timestamp":"2026-06-02T07:18:37.892Z"}
{"level":"info","message":"Initializing Application...","service":"Main","timestamp":"2026-06-04T06:21:06.130Z"}
{"level":"info","message":"Creating startup backup...","service":"Main","timestamp":"2026-06-04T06:21:07.977Z"}
{"level":"info","message":"Backup created: LibraryPro_Recovery_2026-06-04T06-21-07.lbak (17 records)","service":"Backup","timestamp":"2026-06-04T06:21:08.279Z"}
{"level":"info","message":"Cleaned old recovery backup: LibraryPro_Recovery_2026-06-04T05-49-04.lbak","service":"Backup","timestamp":"2026-06-04T06:21:08.286Z"}
{"level":"info","message":"Skip checkForUpdates because application is not packed and dev update config is not forced","service":"Updater","timestamp":"2026-06-04T06:21:15.397Z"}
{"level":"info","message":"Listed 1 backups","service":"Backup","timestamp":"2026-06-04T06:21:30.918Z"}
{"level":"info","message":"Listed 5 recovery backups","service":"Backup","timestamp":"2026-06-04T06:21:30.922Z"}
{"level":"info","message":"Initializing Application...","service":"Main","timestamp":"2026-06-04T06:33:16.909Z"}
{"level":"info","message":"Creating startup backup...","service":"Main","timestamp":"2026-06-04T06:33:17.957Z"}
{"level":"info","message":"Backup created: LibraryPro_Recovery_2026-06-04T06-33-17.lbak (17 records)","service":"Backup","timestamp":"2026-06-04T06:33:18.220Z"}
{"level":"info","message":"Cleaned old recovery backup: LibraryPro_Recovery_2026-06-04T05-49-31.lbak","service":"Backup","timestamp":"2026-06-04T06:33:18.253Z"}
{"level":"info","message":"Skip checkForUpdates because application is not packed and dev update config is not forced","service":"Updater","timestamp":"2026-06-04T06:33:26.094Z"}
{"level":"info","message":"Initializing Application...","service":"Main","timestamp":"2026-06-04T06:38:33.561Z"}
{"level":"info","message":"Creating startup backup...","service":"Main","timestamp":"2026-06-04T06:38:33.733Z"}
{"level":"info","message":"Backup created: LibraryPro_Recovery_2026-06-04T06-38-33.lbak (17 records)","service":"Backup","timestamp":"2026-06-04T06:38:33.883Z"}
{"level":"info","message":"Cleaned old recovery backup: LibraryPro_Recovery_2026-06-04T05-50-46.lbak","service":"Backup","timestamp":"2026-06-04T06:38:33.888Z"}
{"level":"info","message":"Skip checkForUpdates because application is not packed and dev update config is not forced","service":"Updater","timestamp":"2026-06-04T06:38:39.037Z"}
{"level":"info","message":"Initializing Application...","service":"Main","timestamp":"2026-06-04T06:52:37.333Z"}
{"level":"info","message":"Creating startup backup...","service":"Main","timestamp":"2026-06-04T06:52:38.218Z"}
{"level":"info","message":"Backup created: LibraryPro_Recovery_2026-06-04T06-52-38.lbak (16 records)","service":"Backup","timestamp":"2026-06-04T06:52:38.397Z"}
{"level":"info","message":"Cleaned old recovery backup: LibraryPro_Recovery_2026-06-04T05-53-58.lbak","service":"Backup","timestamp":"2026-06-04T06:52:38.408Z"}
{"level":"info","message":"Skip checkForUpdates because application is not packed and dev update config is not forced","service":"Updater","timestamp":"2026-06-04T06:52:45.096Z"}
{"level":"info","message":"Initializing Application...","service":"Main","timestamp":"2026-06-05T03:48:48.571Z"}
{"level":"info","message":"Creating startup backup...","service":"Main","timestamp":"2026-06-05T03:48:52.489Z"}
{"level":"info","message":"Backup created: LibraryPro_Recovery_2026-06-05T03-48-52.lbak (16 records)","service":"Backup","timestamp":"2026-06-05T03:48:53.297Z"}
{"level":"info","message":"Cleaned old recovery backup: LibraryPro_Recovery_2026-06-04T06-03-22.lbak","service":"Backup","timestamp":"2026-06-05T03:48:53.304Z"}
{"level":"info","message":"Skip checkForUpdates because application is not packed and dev update config is not forced","service":"Updater","timestamp":"2026-06-05T03:49:08.368Z"}
{"level":"warn","message":"Failed login attempt (user not found): sbhosle1011@gmail.com. Remaining: 4","service":"Auth","timestamp":"2026-06-05T03:50:26.890Z"}
{"level":"error","message":"Login failed: Invalid email or password","service":"App","timestamp":"2026-06-05T03:50:26.902Z"}
{"level":"info","message":"[AUDIT] LOGIN on Auth by Admin","service":"App","timestamp":"2026-06-05T03:50:42.132Z"}
{"level":"info","message":"Successful login: admin@gmail.com","service":"Auth","timestamp":"2026-06-05T03:50:42.133Z"}
{"level":"info","message":"Initializing Application...","service":"Main","timestamp":"2026-06-05T03:57:20.421Z"}
{"level":"info","message":"Creating startup backup...","service":"Main","timestamp":"2026-06-05T03:57:21.439Z"}
{"level":"info","message":"Backup created: LibraryPro_Recovery_2026-06-05T03-57-21.lbak (16 records)","service":"Backup","timestamp":"2026-06-05T03:57:21.678Z"}
{"level":"info","message":"Cleaned old recovery backup: LibraryPro_Recovery_2026-06-04T06-21-07.lbak","service":"Backup","timestamp":"2026-06-05T03:57:21.693Z"}
{"level":"info","message":"Skip checkForUpdates because application is not packed and dev update config is not forced","service":"Updater","timestamp":"2026-06-05T03:57:29.607Z"}
{"level":"info","message":"[AUDIT] CREATE on Book by Admin","service":"App","timestamp":"2026-06-05T03:58:07.941Z"}
{"level":"info","message":"[AUDIT] DELETE on Book by Admin","service":"App","timestamp":"2026-06-05T03:58:15.923Z"}
{"level":"info","message":"Initializing Application...","service":"Main","timestamp":"2026-06-05T04:01:29.231Z"}
{"level":"info","message":"Creating startup backup...","service":"Main","timestamp":"2026-06-05T04:01:29.981Z"}
{"level":"info","message":"Backup created: LibraryPro_Recovery_2026-06-05T04-01-29.lbak (17 records)","service":"Backup","timestamp":"2026-06-05T04:01:30.187Z"}
{"level":"info","message":"Cleaned old recovery backup: LibraryPro_Recovery_2026-06-04T06-33-17.lbak","service":"Backup","timestamp":"2026-06-05T04:01:30.197Z"}
{"level":"info","message":"Skip checkForUpdates because application is not packed and dev update config is not forced","service":"Updater","timestamp":"2026-06-05T04:01:37.670Z"}
{"level":"info","message":"[AUDIT] CREATE on Issue by Admin","service":"App","timestamp":"2026-06-05T04:02:23.632Z"}
{"level":"info","message":"[AUDIT] UPDATE on Issue by Admin","service":"App","timestamp":"2026-06-05T04:02:58.959Z"}
{"level":"info","message":"[AUDIT] CREATE on Invoice by Admin","service":"App","timestamp":"2026-06-05T04:02:59.003Z"}
{"level":"info","message":"Listed 1 backups","service":"Backup","timestamp":"2026-06-05T04:03:41.785Z"}
{"level":"info","message":"Listed 5 recovery backups","service":"Backup","timestamp":"2026-06-05T04:03:41.788Z"}
{"level":"info","message":"Backup created: LibraryPro_Backup_2026-06-05T04-03-51.lbak (20 records)","service":"Backup","timestamp":"2026-06-05T04:03:51.824Z"}
{"level":"info","message":"Listed 2 backups","service":"Backup","timestamp":"2026-06-05T04:03:51.826Z"}
{"level":"info","message":"Listed 5 recovery backups","service":"Backup","timestamp":"2026-06-05T04:03:51.828Z"}
{"level":"info","message":"Backup deleted: LibraryPro_Backup_2026-05-27T21-46-56.lbak","service":"Backup","timestamp":"2026-06-05T04:03:57.148Z"}
{"level":"info","message":"Listed 1 backups","service":"Backup","timestamp":"2026-06-05T04:03:57.151Z"}
{"level":"info","message":"Listed 5 recovery backups","service":"Backup","timestamp":"2026-06-05T04:03:57.152Z"}
{"level":"info","message":"Listed 1 backups","service":"Backup","timestamp":"2026-06-05T04:05:10.581Z"}
{"level":"info","message":"Listed 5 recovery backups","service":"Backup","timestamp":"2026-06-05T04:05:10.584Z"}
{"level":"info","message":"Listed 1 backups","service":"Backup","timestamp":"2026-06-05T04:05:13.983Z"}
{"level":"info","message":"Listed 5 recovery backups","service":"Backup","timestamp":"2026-06-05T04:05:13.984Z"}
{"level":"info","message":"Listed 1 backups","service":"Backup","timestamp":"2026-06-05T04:05:21.686Z"}
{"level":"info","message":"Listed 5 recovery backups","service":"Backup","timestamp":"2026-06-05T04:05:21.689Z"}
{"level":"info","message":"Listed 1 backups","service":"Backup","timestamp":"2026-06-05T04:20:55.697Z"}
{"level":"info","message":"Listed 5 recovery backups","service":"Backup","timestamp":"2026-06-05T04:20:55.743Z"}
{"level":"info","message":"Listed 1 backups","service":"Backup","timestamp":"2026-06-05T04:22:37.836Z"}
{"level":"info","message":"Listed 5 recovery backups","service":"Backup","timestamp":"2026-06-05T04:22:37.838Z"}
{"level":"info","message":"Listed 1 backups","service":"Backup","timestamp":"2026-06-05T04:23:51.442Z"}
{"level":"info","message":"Listed 5 recovery backups","service":"Backup","timestamp":"2026-06-05T04:23:51.444Z"}
{"level":"info","message":"Listed 1 backups","service":"Backup","timestamp":"2026-06-05T04:25:54.923Z"}
{"level":"info","message":"Listed 5 recovery backups","service":"Backup","timestamp":"2026-06-05T04:25:54.925Z"}
{"level":"info","message":"Skip checkForUpdates because application is not packed and dev update config is not forced","service":"Updater","timestamp":"2026-06-05T04:26:03.877Z"}
{"level":"info","message":"Listed 1 backups","service":"Backup","timestamp":"2026-06-05T04:39:34.135Z"}
{"level":"info","message":"Listed 5 recovery backups","service":"Backup","timestamp":"2026-06-05T04:39:34.178Z"}
{"level":"info","message":"Listed 1 backups","service":"Backup","timestamp":"2026-06-05T04:51:46.578Z"}
{"level":"info","message":"Listed 5 recovery backups","service":"Backup","timestamp":"2026-06-05T04:51:46.616Z"}
{"level":"info","message":"Listed 1 backups","service":"Backup","timestamp":"2026-06-05T05:07:58.051Z"}
{"level":"info","message":"Listed 5 recovery backups","service":"Backup","timestamp":"2026-06-05T05:07:58.143Z"}
{"level":"info","message":"Initializing Application...","service":"Main","timestamp":"2026-06-05T05:48:38.974Z"}
{"level":"info","message":"Creating startup backup...","service":"Main","timestamp":"2026-06-05T05:48:39.866Z"}
{"level":"info","message":"Backup created: LibraryPro_Recovery_2026-06-05T05-48-39.lbak (20 records)","service":"Backup","timestamp":"2026-06-05T05:48:40.677Z"}
{"level":"info","message":"Cleaned old recovery backup: LibraryPro_Recovery_2026-06-04T06-38-33.lbak","service":"Backup","timestamp":"2026-06-05T05:48:40.709Z"}
{"level":"info","message":"Skip checkForUpdates because application is not packed and dev update config is not forced","service":"Updater","timestamp":"2026-06-05T05:48:47.567Z"}
{"level":"info","message":"Initializing Application...","service":"Main","timestamp":"2026-06-05T06:07:06.335Z"}
{"level":"info","message":"Creating startup backup...","service":"Main","timestamp":"2026-06-05T06:07:06.991Z"}
{"level":"info","message":"Backup created: LibraryPro_Recovery_2026-06-05T06-07-06.lbak (20 records)","service":"Backup","timestamp":"2026-06-05T06:07:07.136Z"}
{"level":"info","message":"Cleaned old recovery backup: LibraryPro_Recovery_2026-06-04T06-52-38.lbak","service":"Backup","timestamp":"2026-06-05T06:07:07.146Z"}
{"level":"info","message":"Skip checkForUpdates because application is not packed and dev update config is not forced","service":"Updater","timestamp":"2026-06-05T06:07:14.315Z"}
{"level":"info","message":"Initializing Application...","service":"Main","timestamp":"2026-06-05T06:52:32.269Z"}
{"level":"info","message":"Creating startup backup...","service":"Main","timestamp":"2026-06-05T06:52:33.264Z"}
{"level":"info","message":"Backup created: LibraryPro_Recovery_2026-06-05T06-52-33.lbak (20 records)","service":"Backup","timestamp":"2026-06-05T06:52:33.608Z"}
{"level":"info","message":"Cleaned old recovery backup: LibraryPro_Recovery_2026-06-05T03-48-52.lbak","service":"Backup","timestamp":"2026-06-05T06:52:33.632Z"}
{"level":"info","message":"Skip checkForUpdates because application is not packed and dev update config is not forced","service":"Updater","timestamp":"2026-06-05T06:52:41.387Z"}
{"level":"info","message":"Initializing Application...","service":"Main","timestamp":"2026-06-05T07:01:27.401Z"}
{"level":"info","message":"Creating startup backup...","service":"Main","timestamp":"2026-06-05T07:01:28.188Z"}
{"level":"info","message":"Backup created: LibraryPro_Recovery_2026-06-05T07-01-28.lbak (20 records)","service":"Backup","timestamp":"2026-06-05T07:01:28.401Z"}
{"level":"info","message":"Cleaned old recovery backup: LibraryPro_Recovery_2026-06-05T03-57-21.lbak","service":"Backup","timestamp":"2026-06-05T07:01:28.410Z"}
{"level":"info","message":"Skip checkForUpdates because application is not packed and dev update config is not forced","service":"Updater","timestamp":"2026-06-05T07:01:35.616Z"}
{"level":"info","message":"Initializing Application...","service":"Main","timestamp":"2026-06-05T07:03:22.384Z"}
{"level":"info","message":"Creating startup backup...","service":"Main","timestamp":"2026-06-05T07:03:22.544Z"}
{"level":"info","message":"Backup created: LibraryPro_Recovery_2026-06-05T07-03-22.lbak (20 records)","service":"Backup","timestamp":"2026-06-05T07:03:22.658Z"}
{"level":"info","message":"Cleaned old recovery backup: LibraryPro_Recovery_2026-06-05T04-01-29.lbak","service":"Backup","timestamp":"2026-06-05T07:03:22.661Z"}
{"level":"info","message":"Skip checkForUpdates because application is not packed and dev update config is not forced","service":"Updater","timestamp":"2026-06-05T07:03:27.717Z"}
{"level":"info","message":"App closing - creating final backup...","service":"Main","timestamp":"2026-06-05T07:03:32.554Z"}
{"level":"info","message":"App closing - creating final backup...","service":"Main","timestamp":"2026-06-05T07:04:26.099Z"}
{"level":"info","message":"Initializing Application...","service":"Main","timestamp":"2026-06-05T07:04:27.203Z"}
{"level":"info","message":"Creating startup backup...","service":"Main","timestamp":"2026-06-05T07:04:27.371Z"}
{"level":"info","message":"Backup created: LibraryPro_Recovery_2026-06-05T07-04-27.lbak (20 records)","service":"Backup","timestamp":"2026-06-05T07:04:27.491Z"}
{"level":"info","message":"Cleaned old recovery backup: LibraryPro_Recovery_2026-06-05T05-48-39.lbak","service":"Backup","timestamp":"2026-06-05T07:04:27.494Z"}
{"level":"info","message":"Skip checkForUpdates because application is not packed and dev update config is not forced","service":"Updater","timestamp":"2026-06-05T07:04:32.549Z"}
{"level":"info","message":"Initializing Application...","service":"Main","timestamp":"2026-06-05T07:04:48.200Z"}
{"level":"info","message":"Creating startup backup...","service":"Main","timestamp":"2026-06-05T07:04:48.435Z"}
{"level":"info","message":"Backup created: LibraryPro_Recovery_2026-06-05T07-04-48.lbak (20 records)","service":"Backup","timestamp":"2026-06-05T07:04:48.567Z"}
{"level":"info","message":"Cleaned old recovery backup: LibraryPro_Recovery_2026-06-05T06-07-06.lbak","service":"Backup","timestamp":"2026-06-05T07:04:48.570Z"}
{"level":"info","message":"Skip checkForUpdates because application is not packed and dev update config is not forced","service":"Updater","timestamp":"2026-06-05T07:04:53.616Z"}
{"level":"info","message":"App closing - creating final backup...","service":"Main","timestamp":"2026-06-05T07:05:37.280Z"}
{"level":"info","message":"Initializing Application...","service":"Main","timestamp":"2026-06-08T05:17:22.172Z"}
{"level":"info","message":"Creating startup backup...","service":"Main","timestamp":"2026-06-08T05:17:23.699Z"}
{"level":"info","message":"Backup created: LibraryPro_Recovery_2026-06-08T05-17-23.lbak (20 records)","service":"Backup","timestamp":"2026-06-08T05:17:23.887Z"}
{"level":"info","message":"Cleaned old recovery backup: LibraryPro_Recovery_2026-06-05T07-04-48.lbak","service":"Backup","timestamp":"2026-06-08T05:17:23.926Z"}
{"level":"info","message":"Skip checkForUpdates because application is not packed and dev update config is not forced","service":"Updater","timestamp":"2026-06-08T05:17:38.824Z"}
{"level":"info","message":"Initializing Application...","service":"Main","timestamp":"2026-06-08T05:40:30.108Z"}
{"level":"info","message":"Creating startup backup...","service":"Main","timestamp":"2026-06-08T05:40:30.909Z"}
{"level":"info","message":"Backup created: LibraryPro_Recovery_2026-06-08T05-40-30.lbak (20 records)","service":"Backup","timestamp":"2026-06-08T05:40:31.097Z"}
{"level":"info","message":"Cleaned old recovery backup: LibraryPro_Recovery_2026-06-08T04-48-03.lbak","service":"Backup","timestamp":"2026-06-08T05:40:31.146Z"}
{"level":"info","message":"Skip checkForUpdates because application is not packed and dev update config is not forced","service":"Updater","timestamp":"2026-06-08T05:40:38.329Z"}
{"level":"info","message":"Initializing Application...","service":"Main","timestamp":"2026-06-08T05:41:58.791Z"}
{"level":"info","message":"Creating startup backup...","service":"Main","timestamp":"2026-06-08T05:41:58.951Z"}
{"level":"info","message":"Backup created: LibraryPro_Recovery_2026-06-08T05-41-58.lbak (20 records)","service":"Backup","timestamp":"2026-06-08T05:41:59.106Z"}
{"level":"info","message":"Cleaned old recovery backup: LibraryPro_Recovery_2026-06-08T04-59-10.lbak","service":"Backup","timestamp":"2026-06-08T05:41:59.109Z"}
{"level":"info","message":"Skip checkForUpdates because application is not packed and dev update config is not forced","service":"Updater","timestamp":"2026-06-08T05:42:04.220Z"}
{"level":"info","message":"Initializing Application...","service":"Main","timestamp":"2026-06-08T05:42:16.232Z"}
{"level":"info","message":"Creating startup backup...","service":"Main","timestamp":"2026-06-08T05:42:16.438Z"}
{"level":"info","message":"Backup created: LibraryPro_Recovery_2026-06-08T05-42-16.lbak (20 records)","service":"Backup","timestamp":"2026-06-08T05:42:16.567Z"}
{"level":"info","message":"Cleaned old recovery backup: LibraryPro_Recovery_2026-06-08T05-03-20.lbak","service":"Backup","timestamp":"2026-06-08T05:42:16.569Z"}
{"level":"info","message":"App closing - creating final backup...","service":"Main","timestamp":"2026-06-08T05:42:20.326Z"}
{"level":"info","message":"Skip checkForUpdates because application is not packed and dev update config is not forced","service":"Updater","timestamp":"2026-06-08T05:42:21.621Z"}
{"level":"info","message":"App closing - creating final backup...","service":"Main","timestamp":"2026-06-08T05:42:25.538Z"}
{"level":"info","message":"Initializing Application...","service":"Main","timestamp":"2026-06-08T05:42:38.324Z"}
{"level":"info","message":"Creating startup backup...","service":"Main","timestamp":"2026-06-08T05:42:38.553Z"}
{"level":"info","message":"Backup created: LibraryPro_Recovery_2026-06-08T05-42-38.lbak (20 records)","service":"Backup","timestamp":"2026-06-08T05:42:38.665Z"}
{"level":"info","message":"Cleaned old recovery backup: LibraryPro_Recovery_2026-06-08T05-09-52.lbak","service":"Backup","timestamp":"2026-06-08T05:42:38.668Z"}
{"level":"info","message":"Skip checkForUpdates because application is not packed and dev update config is not forced","service":"Updater","timestamp":"2026-06-08T05:42:43.724Z"}
{"level":"info","message":"App closing - creating final backup...","service":"Main","timestamp":"2026-06-08T05:43:10.586Z"}
{"level":"info","message":"Initializing Application...","service":"Main","timestamp":"2026-06-08T05:43:33.976Z"}
{"level":"info","message":"Creating startup backup...","service":"Main","timestamp":"2026-06-08T05:43:34.500Z"}
{"level":"info","message":"Backup created: LibraryPro_Recovery_2026-06-08T05-43-34.lbak (20 records)","service":"Backup","timestamp":"2026-06-08T05:43:34.655Z"}
{"level":"info","message":"Cleaned old recovery backup: LibraryPro_Recovery_2026-06-08T05-17-23.lbak","service":"Backup","timestamp":"2026-06-08T05:43:34.659Z"}
{"level":"info","message":"Skip checkForUpdates because application is not packed and dev update config is not forced","service":"Updater","timestamp":"2026-06-08T05:43:39.726Z"}
{"level":"info","message":"App closing - creating final backup...","service":"Main","timestamp":"2026-06-08T05:45:49.015Z"}
{"level":"info","message":"Initializing Application...","service":"Main","timestamp":"2026-06-08T05:47:19.257Z"}
{"level":"info","message":"Creating startup backup...","service":"Main","timestamp":"2026-06-08T05:47:19.635Z"}
{"level":"info","message":"Backup created: LibraryPro_Recovery_2026-06-08T05-47-19.lbak (20 records)","service":"Backup","timestamp":"2026-06-08T05:47:19.898Z"}
{"level":"info","message":"Cleaned old recovery backup: LibraryPro_Recovery_2026-06-08T05-40-30.lbak","service":"Backup","timestamp":"2026-06-08T05:47:19.924Z"}
{"level":"info","message":"Skip checkForUpdates because application is not packed and dev update config is not forced","service":"Updater","timestamp":"2026-06-08T05:47:26.129Z"}
{"level":"info","message":"App closing - creating final backup...","service":"Main","timestamp":"2026-06-08T06:37:05.672Z"}
{"level":"info","message":"Initializing Application...","service":"Main","timestamp":"2026-06-08T07:01:06.037Z"}
{"level":"info","message":"Creating startup backup...","service":"Main","timestamp":"2026-06-08T07:01:08.359Z"}
{"level":"info","message":"Backup created: LibraryPro_Recovery_2026-06-08T07-01-08.lbak (20 records)","service":"Backup","timestamp":"2026-06-08T07:01:08.850Z"}
{"level":"info","message":"Cleaned old recovery backup: LibraryPro_Recovery_2026-06-08T05-42-16.lbak","service":"Backup","timestamp":"2026-06-08T07:01:08.868Z"}
{"level":"info","message":"Skip checkForUpdates because application is not packed and dev update config is not forced","service":"Updater","timestamp":"2026-06-08T07:01:22.434Z"}
{"level":"info","message":"App closing - creating final backup...","service":"Main","timestamp":"2026-06-08T07:02:01.968Z"}
{"level":"info","message":"Initializing Application...","service":"Main","timestamp":"2026-06-20T10:46:55.506Z"}
{"level":"info","message":"Creating startup backup...","service":"Main","timestamp":"2026-06-20T10:46:56.177Z"}
{"level":"info","message":"Backup created: LibraryPro_Recovery_2026-06-20T10-46-56.lbak (21 records)","service":"Backup","timestamp":"2026-06-20T10:46:56.399Z"}
{"level":"info","message":"Cleaned old recovery backup: LibraryPro_Recovery_2026-06-08T07-01-08.lbak","service":"Backup","timestamp":"2026-06-20T10:46:56.403Z"}
{"level":"info","message":"Skip checkForUpdates because application is not packed and dev update config is not forced","service":"Updater","timestamp":"2026-06-20T10:47:01.699Z"}
{"level":"info","message":"Initializing Application...","service":"Main","timestamp":"2026-06-20T10:51:36.849Z"}
{"level":"info","message":"Creating startup backup...","service":"Main","timestamp":"2026-06-20T10:51:37.795Z"}
{"level":"info","message":"Backup created: LibraryPro_Recovery_2026-06-20T10-51-37.lbak (21 records)","service":"Backup","timestamp":"2026-06-20T10:51:38.357Z"}
{"level":"info","message":"Cleaned old recovery backup: LibraryPro_Recovery_2026-06-08T07-08-05.lbak","service":"Backup","timestamp":"2026-06-20T10:51:38.371Z"}
{"level":"info","message":"Skip checkForUpdates because application is not packed and dev update config is not forced","service":"Updater","timestamp":"2026-06-20T10:51:44.490Z"}
